<?xml version="1.0" encoding="UTF-8"?>
<!-- Generated by org.testng.reporters.JUnitReportReporter -->
<testsuite hostname="DESKTOP-N5RMB4R" failures="0" tests="1" name="advanceSeleniumTesting.TC_DWS_004" time="13.958" errors="0" timestamp="2024-01-23T12:00:30 IST" skipped="0">
  <testcase classname="advanceSeleniumTesting.TC_DWS_004" name="toCheckElectroics" time="13.958">
    <system-out>
      <![CDATA[navigated to Apparel & Shoes page successfully]]>
    </system-out>
  </testcase> <!-- toCheckElectroics -->
  <system-out>
    <![CDATA[Browser got launched successfully
Browser got maximized successfully
Browser got launched successfully
Navigated got launched successfully
navigated to books page successfully
Browser got successfully logged out
Browser got closed successfully
Browser got launched successfully
Browser got maximized successfully
Browser got launched successfully
Navigated got launched successfully
navigated to computers page successfully
Browser got successfully logged out
Browser got closed successfully
Browser got launched successfully
Browser got maximized successfully
Browser got launched successfully
Navigated got launched successfully
navigated to electronics page successfully
Browser got successfully logged out
Browser got closed successfully
Browser got launched successfully
Browser got maximized successfully
Browser got launched successfully
Navigated got launched successfully
navigated to Apparel & Shoes page successfully
Browser got successfully logged out
Browser got closed successfully
Browser got launched successfully
Browser got maximized successfully
Browser got launched successfully
Navigated got launched successfully
navigated to Digital downloads page successfully
Browser got successfully logged out
Browser got closed successfully]]>
  </system-out>
</testsuite> <!-- advanceSeleniumTesting.TC_DWS_004 -->
