<?xml version="1.0" encoding="UTF-8"?>
<!-- Generated by org.testng.reporters.JUnitReportReporter -->
<testsuite hostname="DESKTOP-N5RMB4R" failures="0" tests="3" name="advanceSeleniumTesting.ToUseDependsOnMethods" time="0.028" errors="0" timestamp="2024-01-19T11:50:51 IST" skipped="0">
  <testcase classname="advanceSeleniumTesting.ToUseDependsOnMethods" name="Accountcreation" time="0.020">
    <system-out>
      <![CDATA[account created successfully]]>
    </system-out>
  </testcase> <!-- Accountcreation -->
  <testcase classname="advanceSeleniumTesting.ToUseDependsOnMethods" name="Accountdeletion" time="0.005">
    <system-out>
      <![CDATA[account deleted successfully]]>
    </system-out>
  </testcase> <!-- Accountdeletion -->
  <testcase classname="advanceSeleniumTesting.ToUseDependsOnMethods" name="Accountedition" time="0.003">
    <system-out>
      <![CDATA[account edited successfully]]>
    </system-out>
  </testcase> <!-- Accountedition -->
  <system-out>
    <![CDATA[account created successfully
account edited successfully
account deleted successfully]]>
  </system-out>
</testsuite> <!-- advanceSeleniumTesting.ToUseDependsOnMethods -->
