<?xml version="1.0" encoding="UTF-8"?>
<!-- Generated by org.testng.reporters.JUnitReportReporter -->
<testsuite hostname="DESKTOP-N5RMB4R" failures="0" tests="5" name="advanceSeleniumTesting.TolearnTestNg" time="220.152" errors="0" timestamp="2024-01-19T11:30:59 IST" skipped="1">
  <testcase classname="advanceSeleniumTesting.TolearnTestNg" name="cricbuzz" time="64.189">
    <system-out>
      <![CDATA[cricbuzz is executing successfully]]>
    </system-out>
  </testcase> <!-- cricbuzz -->
  <testcase classname="advanceSeleniumTesting.TolearnTestNg" name="amazon" time="36.118">
    <system-out>
      <![CDATA[amazon is executing successfully]]>
    </system-out>
  </testcase> <!-- amazon -->
  <testcase classname="advanceSeleniumTesting.TolearnTestNg" name="cricbuzz" time="61.046">
    <system-out>
      <![CDATA[cricbuzz is executing successfully]]>
    </system-out>
  </testcase> <!-- cricbuzz -->
  <testcase classname="advanceSeleniumTesting.TolearnTestNg" name="cricbuzz" time="58.799">
    <system-out>
      <![CDATA[cricbuzz is executing successfully]]>
    </system-out>
  </testcase> <!-- cricbuzz -->
  <testcase classname="advanceSeleniumTesting.TolearnTestNg" name="buskinrobbins">
    <skipped/>
  </testcase> <!-- buskinrobbins -->
  <system-out>
    <![CDATA[amazon is executing successfully
cricbuzz is executing successfully
cricbuzz is executing successfully
cricbuzz is executing successfully]]>
  </system-out>
</testsuite> <!-- advanceSeleniumTesting.TolearnTestNg -->
