<?xml version="1.0" encoding="UTF-8"?>
<!-- Generated by org.testng.reporters.JUnitReportReporter -->
<testsuite hostname="DESKTOP-N5RMB4R" failures="0" tests="1" name="advanceSeleniumTesting.TC_DWS_008" time="20.705" errors="0" timestamp="2024-01-23T11:02:30 IST" skipped="0">
  <testcase classname="advanceSeleniumTesting.TC_DWS_008" name="toCheckElectroics" time="20.705">
    <system-out>
      <![CDATA[failed to navigate Add to cart page ]]>
    </system-out>
  </testcase> <!-- toCheckElectroics -->
  <system-out>
    <![CDATA[Browser got launched successfully
Browser got maximized successfully
Browser got launched successfully
Navigated got launched successfully
failed to navigate Add to cart page 
Browser got successfully logged out
Browser got closed successfully]]>
  </system-out>
</testsuite> <!-- advanceSeleniumTesting.TC_DWS_008 -->
