<?xml version="1.0" encoding="UTF-8"?>
<!-- Generated by org.testng.reporters.JUnitReportReporter -->
<testsuite hostname="DESKTOP-N5RMB4R" failures="0" tests="1" name="advanceSeleniumTesting.ConfigureAnnotations" time="0.039" errors="0" timestamp="2024-01-22T20:37:29 IST" skipped="0">
  <testcase classname="advanceSeleniumTesting.ConfigureAnnotations" name="classmain" time="0.039">
    <system-out>
      <![CDATA[suit is getting execute]]>
    </system-out>
  </testcase> <!-- classmain -->
  <system-out>
    <![CDATA[before suit is getting execute
before test suit is getting execute
after test suit is getting execute
after test suit is getting execute
suit is getting execute
after test suit is getting execute
after test suit is getting execute
after test suit is getting execute
after suit is getting execute]]>
  </system-out>
</testsuite> <!-- advanceSeleniumTesting.ConfigureAnnotations -->
